<?xml version="1.0" encoding="UTF-8"?>
<!-- Generated by org.testng.reporters.JUnitReportReporter -->
<testsuite skipped="0" hostname="Bindu" name="com.NewTours.TestCase.LogInPageTest" tests="3" failures="0" timestamp="19 May 2020 15:15:56 GMT" time="37.654" errors="0">
  <testcase name="signOnTest" time="10.449" classname="com.NewTours.TestCase.LogInPageTest"/>
  <testcase name="registerTest" time="11.755" classname="com.NewTours.TestCase.LogInPageTest"/>
  <testcase name="logInTest" time="15.450" classname="com.NewTours.TestCase.LogInPageTest"/>
</testsuite> <!-- com.NewTours.TestCase.LogInPageTest -->
