<?xml version="1.0" encoding="UTF-8"?>
<!-- Generated by org.testng.reporters.JUnitReportReporter -->
<testsuite skipped="0" hostname="Bindu" name="com.NewToursApplication.NewUserRegistration" tests="2" failures="0" timestamp="20 May 2020 02:19:06 GMT" time="76.391" errors="0">
  <testcase name="register" time="1.169" classname="com.NewToursApplication.NewUserRegistration"/>
  <testcase name="newUserRegistration" time="75.222" classname="com.NewToursApplication.NewUserRegistration"/>
</testsuite> <!-- com.NewToursApplication.NewUserRegistration -->
