<?xml version="1.0" encoding="UTF-8"?>
<!-- Generated by org.testng.reporters.JUnitReportReporter -->
<testsuite skipped="0" hostname="Bindu" name="com.NewToursLogInTest.NewTours_LogInTest" tests="1" failures="0" timestamp="11 May 2020 11:05:07 GMT" time="1.801" errors="0">
  <testcase name="logInTest" time="1.801" classname="com.NewToursLogInTest.NewTours_LogInTest"/>
</testsuite> <!-- com.NewToursLogInTest.NewTours_LogInTest -->
