<?xml version="1.0" encoding="UTF-8"?>
<!-- Generated by org.testng.reporters.JUnitReportReporter -->
<testsuite skipped="0" hostname="Bindu" name="com.OrgangeHRM.OHRM_Logout" tests="1" failures="0" timestamp="11 May 2020 11:05:40 GMT" time="4.688" errors="0">
  <testcase name="logoutTest" time="4.688" classname="com.OrgangeHRM.OHRM_Logout"/>
</testsuite> <!-- com.OrgangeHRM.OHRM_Logout -->
