<?xml version="1.0" encoding="UTF-8"?>
<!-- Generated by org.testng.reporters.JUnitReportReporter -->
<testsuite skipped="1" hostname="Bindu" name="com.TestNG.Annotations1" tests="3" failures="0" timestamp="11 May 2020 09:02:01 GMT" time="0.022" errors="0">
  <testcase name="gmailApplicationLaunch" time="0.022" classname="com.TestNG.Annotations1"/>
  <testcase name="inBox" time="0.000" classname="com.TestNG.Annotations1"/>
  <testcase name="composeMail" classname="com.TestNG.Annotations1">
    <skipped/>
  </testcase> <!-- composeMail -->
</testsuite> <!-- com.TestNG.Annotations1 -->
