<?xml version="1.0" encoding="UTF-8"?>
<!-- Generated by org.testng.reporters.JUnitReportReporter -->
<testsuite skipped="0" hostname="Bindu" name="com.NewToursApplication.LogInTest" tests="1" failures="0" timestamp="20 May 2020 02:19:06 GMT" time="32.104" errors="0">
  <testcase name="logIn" time="32.104" classname="com.NewToursApplication.LogInTest"/>
</testsuite> <!-- com.NewToursApplication.LogInTest -->
