<?xml version="1.0" encoding="UTF-8"?>
<!-- Generated by org.testng.reporters.JUnitReportReporter -->
<testsuite skipped="1" hostname="Bindu" name="com.TestNG.Annotations3" tests="3" failures="0" timestamp="11 May 2020 10:33:29 GMT" time="0.025" errors="0">
  <testcase name="inBox" time="0.005" classname="com.TestNG.Annotations3"/>
  <testcase name="composeMail" time="0.020" classname="com.TestNG.Annotations3"/>
  <testcase name="sentMail" classname="com.TestNG.Annotations3">
    <skipped/>
  </testcase> <!-- sentMail -->
</testsuite> <!-- com.TestNG.Annotations3 -->
