<?xml version="1.0" encoding="UTF-8"?>
<!-- Generated by org.testng.reporters.JUnitReportReporter -->
<testsuite skipped="0" hostname="Bindu" name="com.DropDown_To_ExcelSheet.NewTours_Register_CountryDropDown_ExcelSheet" tests="2" failures="0" timestamp="13 May 2020 08:42:50 GMT" time="18.405" errors="0">
  <testcase name="register" time="1.223" classname="com.DropDown_To_ExcelSheet.NewTours_Register_CountryDropDown_ExcelSheet"/>
  <testcase name="countryDropDown" time="17.182" classname="com.DropDown_To_ExcelSheet.NewTours_Register_CountryDropDown_ExcelSheet"/>
</testsuite> <!-- com.DropDown_To_ExcelSheet.NewTours_Register_CountryDropDown_ExcelSheet -->
