<?xml version="1.0" encoding="UTF-8"?>
<!-- Generated by org.testng.reporters.JUnitReportReporter -->
<testsuite skipped="1" hostname="Bindu" name="com.TestNG.Annotations2" tests="3" failures="0" timestamp="11 May 2020 09:16:29 GMT" time="0.000" errors="0">
  <testcase name="inBox" time="0.000" classname="com.TestNG.Annotations2"/>
  <testcase name="composeMail" time="0.000" classname="com.TestNG.Annotations2"/>
  <testcase name="sentMail" classname="com.TestNG.Annotations2">
    <skipped/>
  </testcase> <!-- sentMail -->
</testsuite> <!-- com.TestNG.Annotations2 -->
